[13:22:14] [main/INFO]: Setting user: Player37
[13:22:16] [Client thread/INFO]: LWJGL Version: 2.9.1
[13:22:21] [Client thread/INFO]: Reloading ResourceManager: Default, FMLFileResourcePack:Forge Mod Loader, FMLFileResourcePack:Minecraft Forge, FMLFileResourcePack:UsefulStuffMod
[13:22:22] [Sound Library Loader/INFO]: Sound engine started
[13:22:23] [Client thread/INFO]: Created: 512x256 textures/blocks-atlas
[13:22:23] [Client thread/INFO]: Created: 256x256 textures/items-atlas
[13:22:24] [Client thread/INFO]: Reloading ResourceManager: Default, FMLFileResourcePack:Forge Mod Loader, FMLFileResourcePack:Minecraft Forge, FMLFileResourcePack:UsefulStuffMod
[13:22:24] [Client thread/INFO]: Created: 256x256 textures/items-atlas
[13:22:24] [Client thread/INFO]: Created: 512x256 textures/blocks-atlas
[13:22:25] [Client thread/ERROR]: ########## GL ERROR ##########
[13:22:25] [Client thread/ERROR]: @ Post startup
[13:22:25] [Client thread/ERROR]: 1281: Invalid value
[13:22:25] [Sound Library Loader/INFO]: Sound engine started
[13:22:26] [MCO Availability Checker #1/ERROR]: Couldn't connect to Realms
[13:23:08] [Server thread/INFO]: Starting integrated minecraft server version 1.7.2
[13:23:08] [Server thread/INFO]: Generating keypair
[13:23:09] [Server thread/INFO]: Preparing start region for level 0
[13:23:10] [Server thread/INFO]: Player37[local:E:f5fc931a] logged in with entity id 209 at (1199.0426928027466, 4.0, -1361.1456103845458)
[13:23:11] [Server thread/INFO]: Player37 joined the game
[13:23:11] [Skin downloader: http://skins.minecraft.net/MinecraftCloaks/Player37.png/ERROR]: Couldn't download http texture
java.net.UnknownHostException: skins.minecraft.net
	at java.net.PlainSocketImpl.connect(PlainSocketImpl.java:223) ~[?:1.6.0_65]
	at java.net.SocksSocketImpl.connect(SocksSocketImpl.java:431) ~[?:1.6.0_65]
	at java.net.Socket.connect(Socket.java:527) ~[?:1.6.0_65]
	at java.net.Socket.connect(Socket.java:476) ~[?:1.6.0_65]
	at sun.net.NetworkClient.doConnect(NetworkClient.java:163) ~[?:1.6.0_65]
	at sun.net.www.http.HttpClient.openServer(HttpClient.java:424) ~[?:1.6.0_65]
	at sun.net.www.http.HttpClient.openServer(HttpClient.java:538) ~[?:1.6.0_65]
	at sun.net.www.http.HttpClient.<init>(HttpClient.java:214) ~[?:1.6.0_65]
	at sun.net.www.http.HttpClient.New(HttpClient.java:300) ~[?:1.6.0_65]
	at sun.net.www.http.HttpClient.New(HttpClient.java:319) ~[?:1.6.0_65]
	at sun.net.www.protocol.http.HttpURLConnection.getNewHttpClient(HttpURLConnection.java:987) ~[?:1.6.0_65]
	at sun.net.www.protocol.http.HttpURLConnection.plainConnect(HttpURLConnection.java:966) ~[?:1.6.0_65]
	at sun.net.www.protocol.http.HttpURLConnection.connect(HttpURLConnection.java:841) ~[?:1.6.0_65]
	at net.minecraft.client.renderer.ThreadDownloadImageData$1.run(ThreadDownloadImageData.java:87) [ThreadDownloadImageData$1.class:?]
[13:23:11] [Skin downloader: http://skins.minecraft.net/MinecraftSkins/Player37.png/ERROR]: Couldn't download http texture
java.net.UnknownHostException: skins.minecraft.net
	at java.net.PlainSocketImpl.connect(PlainSocketImpl.java:223) ~[?:1.6.0_65]
	at java.net.SocksSocketImpl.connect(SocksSocketImpl.java:431) ~[?:1.6.0_65]
	at java.net.Socket.connect(Socket.java:527) ~[?:1.6.0_65]
	at java.net.Socket.connect(Socket.java:476) ~[?:1.6.0_65]
	at sun.net.NetworkClient.doConnect(NetworkClient.java:163) ~[?:1.6.0_65]
	at sun.net.www.http.HttpClient.openServer(HttpClient.java:424) ~[?:1.6.0_65]
	at sun.net.www.http.HttpClient.openServer(HttpClient.java:538) ~[?:1.6.0_65]
	at sun.net.www.http.HttpClient.<init>(HttpClient.java:214) ~[?:1.6.0_65]
	at sun.net.www.http.HttpClient.New(HttpClient.java:300) ~[?:1.6.0_65]
	at sun.net.www.http.HttpClient.New(HttpClient.java:319) ~[?:1.6.0_65]
	at sun.net.www.protocol.http.HttpURLConnection.getNewHttpClient(HttpURLConnection.java:987) ~[?:1.6.0_65]
	at sun.net.www.protocol.http.HttpURLConnection.plainConnect(HttpURLConnection.java:966) ~[?:1.6.0_65]
	at sun.net.www.protocol.http.HttpURLConnection.connect(HttpURLConnection.java:841) ~[?:1.6.0_65]
	at net.minecraft.client.renderer.ThreadDownloadImageData$1.run(ThreadDownloadImageData.java:87) [ThreadDownloadImageData$1.class:?]
[13:23:15] [Server thread/WARN]: Can't keep up! Did the system time change, or is the server overloaded? Running 2503ms behind, skipping 50 tick(s)
[13:24:01] [Client thread/INFO]: Stopping!
[13:24:01] [Server thread/INFO]: Stopping server
[13:24:01] [Server thread/INFO]: Saving players
[13:24:01] [Server thread/INFO]: Saving worlds
[13:24:01] [Server thread/INFO]: Saving chunks for level 'Mod Testing'/Overworld
[13:24:01] [Server thread/INFO]: Saving chunks for level 'Mod Testing'/Nether
[13:24:01] [Server thread/INFO]: Saving chunks for level 'Mod Testing'/The End
[13:24:01] [Client Shutdown Thread/INFO]: Stopping server
[13:24:01] [Client Shutdown Thread/INFO]: Saving players
[13:24:01] [Client Shutdown Thread/INFO]: Saving worlds
[13:24:01] [Client Shutdown Thread/INFO]: Saving chunks for level 'Mod Testing'/Overworld
